  [1m[35m (189.6ms)[0m  [1m[35mCREATE TABLE "schema_migrations" ("version" varchar NOT NULL PRIMARY KEY)[0m
  [1m[35m (93.8ms)[0m  [1m[35mCREATE TABLE "ar_internal_metadata" ("key" varchar NOT NULL PRIMARY KEY, "value" varchar, "created_at" datetime NOT NULL, "updated_at" datetime NOT NULL)[0m
  [1m[36mActiveRecord::SchemaMigration Load (0.5ms)[0m  [1m[34mSELECT "schema_migrations".* FROM "schema_migrations"[0m
Migrating to DeviseCreateUsers (20180530014711)
  [1m[35m (0.5ms)[0m  [1m[36mbegin transaction[0m
  [1m[35m (3.5ms)[0m  [1m[35mCREATE TABLE "users" ("id" INTEGER PRIMARY KEY AUTOINCREMENT NOT NULL, "email" varchar DEFAULT '' NOT NULL, "encrypted_password" varchar DEFAULT '' NOT NULL, "reset_password_token" varchar, "reset_password_sent_at" datetime, "remember_created_at" datetime, "sign_in_count" integer DEFAULT 0 NOT NULL, "current_sign_in_at" datetime, "last_sign_in_at" datetime, "current_sign_in_ip" varchar, "last_sign_in_ip" varchar, "created_at" datetime NOT NULL, "updated_at" datetime NOT NULL)[0m
  [1m[35m (0.0ms)[0m  [1m[34mselect sqlite_version(*)[0m
  [1m[35m (2.5ms)[0m  [1m[35mCREATE UNIQUE INDEX "index_users_on_email" ON "users" ("email")[0m
  [1m[35m (0.5ms)[0m  [1m[34m            SELECT sql
            FROM sqlite_master
            WHERE name='index_users_on_email' AND type='index'
            UNION ALL
            SELECT sql
            FROM sqlite_temp_master
            WHERE name='index_users_on_email' AND type='index'
[0m
  [1m[35m (0.5ms)[0m  [1m[35mCREATE UNIQUE INDEX "index_users_on_reset_password_token" ON "users" ("reset_password_token")[0m
  [1m[35mSQL (0.5ms)[0m  [1m[32mINSERT INTO "schema_migrations" ("version") VALUES (?)[0m  [["version", "20180530014711"]]
  [1m[35m (101.7ms)[0m  [1m[36mcommit transaction[0m
  [1m[36mActiveRecord::InternalMetadata Load (0.5ms)[0m  [1m[34mSELECT  "ar_internal_metadata".* FROM "ar_internal_metadata" WHERE "ar_internal_metadata"."key" = ? LIMIT ?[0m  [["key", "environment"], ["LIMIT", 1]]
  [1m[35m (0.0ms)[0m  [1m[36mbegin transaction[0m
  [1m[35mSQL (3.5ms)[0m  [1m[32mINSERT INTO "ar_internal_metadata" ("key", "value", "created_at", "updated_at") VALUES (?, ?, ?, ?)[0m  [["key", "environment"], ["value", "development"], ["created_at", "2018-05-30 01:48:49.373839"], ["updated_at", "2018-05-30 01:48:49.373839"]]
  [1m[35m (92.8ms)[0m  [1m[36mcommit transaction[0m
  [1m[36mActiveRecord::SchemaMigration Load (0.5ms)[0m  [1m[34mSELECT "schema_migrations".* FROM "schema_migrations"[0m
  [1m[35m (0.5ms)[0m  [1m[34m            SELECT sql
            FROM sqlite_master
            WHERE name='index_users_on_reset_password_token' AND type='index'
            UNION ALL
            SELECT sql
            FROM sqlite_temp_master
            WHERE name='index_users_on_reset_password_token' AND type='index'
[0m
  [1m[35m (0.0ms)[0m  [1m[34m            SELECT sql
            FROM sqlite_master
            WHERE name='index_users_on_email' AND type='index'
            UNION ALL
            SELECT sql
            FROM sqlite_temp_master
            WHERE name='index_users_on_email' AND type='index'
[0m
Started GET "/" for 127.0.0.1 at 2018-05-29 19:50:21 -0600
  [1m[36mActiveRecord::SchemaMigration Load (1.0ms)[0m  [1m[34mSELECT "schema_migrations".* FROM "schema_migrations"[0m
Processing by HomeController#index as HTML
  Rendering home/index.html.erb within layouts/application
  Rendered home/index.html.erb within layouts/application (19.5ms)
Completed 500 Internal Server Error in 12378ms (ActiveRecord: 0.0ms)


  
ActionView::Template::Error (TypeError: El objeto no acepta esta propiedad o método):
    4:     <title>Sigor</title>
    5:     <%= csrf_meta_tags %>
    6: 
    7:     <%= stylesheet_link_tag    'application', media: 'all', 'data-turbolinks-track': 'reload' %>
    8:     <%= javascript_include_tag 'application', 'data-turbolinks-track': 'reload' %>
    9:   </head>
   10: 
  
app/views/layouts/application.html.erb:7:in `_app_views_layouts_application_html_erb__311455360_53750412'
  Rendering C:/RailsInstaller/Ruby2.2.0/lib/ruby/gems/2.2.0/gems/actionpack-5.0.7/lib/action_dispatch/middleware/templates/rescues/template_error.html.erb within rescues/layout
  Rendering C:/RailsInstaller/Ruby2.2.0/lib/ruby/gems/2.2.0/gems/actionpack-5.0.7/lib/action_dispatch/middleware/templates/rescues/_source.html.erb
  Rendered C:/RailsInstaller/Ruby2.2.0/lib/ruby/gems/2.2.0/gems/actionpack-5.0.7/lib/action_dispatch/middleware/templates/rescues/_source.html.erb (33.0ms)
  Rendering C:/RailsInstaller/Ruby2.2.0/lib/ruby/gems/2.2.0/gems/actionpack-5.0.7/lib/action_dispatch/middleware/templates/rescues/_trace.html.erb
  Rendered C:/RailsInstaller/Ruby2.2.0/lib/ruby/gems/2.2.0/gems/actionpack-5.0.7/lib/action_dispatch/middleware/templates/rescues/_trace.html.erb (16.0ms)
  Rendering C:/RailsInstaller/Ruby2.2.0/lib/ruby/gems/2.2.0/gems/actionpack-5.0.7/lib/action_dispatch/middleware/templates/rescues/_request_and_response.html.erb
  Rendered C:/RailsInstaller/Ruby2.2.0/lib/ruby/gems/2.2.0/gems/actionpack-5.0.7/lib/action_dispatch/middleware/templates/rescues/_request_and_response.html.erb (6.0ms)
  Rendered C:/RailsInstaller/Ruby2.2.0/lib/ruby/gems/2.2.0/gems/actionpack-5.0.7/lib/action_dispatch/middleware/templates/rescues/template_error.html.erb within rescues/layout (6522.8ms)
Started GET "/" for 127.0.0.1 at 2018-05-29 19:51:20 -0600
Processing by HomeController#index as HTML
  Rendering home/index.html.erb within layouts/application
  Rendered home/index.html.erb within layouts/application (1.0ms)
Completed 200 OK in 497ms (Views: 403.3ms | ActiveRecord: 0.0ms)


Started GET "/" for 127.0.0.1 at 2018-05-29 19:53:22 -0600
Processing by HomeController#index as HTML
  Rendering home/index.html.erb within layouts/application
  Rendered home/index.html.erb within layouts/application (1.0ms)
Completed 200 OK in 371ms (Views: 299.8ms | ActiveRecord: 0.0ms)


Started GET "/users/sign_up" for 127.0.0.1 at 2018-05-29 19:53:26 -0600
Processing by Devise::RegistrationsController#new as HTML
  Rendering devise/registrations/new.html.erb within layouts/application
  Rendered devise/shared/_links.html.erb (1.5ms)
  Rendered devise/registrations/new.html.erb within layouts/application (200.0ms)
Completed 200 OK in 708ms (Views: 679.1ms | ActiveRecord: 2.5ms)


Started POST "/users" for 127.0.0.1 at 2018-05-29 19:53:41 -0600
Processing by Devise::RegistrationsController#create as HTML
  Parameters: {"utf8"=>"✓", "authenticity_token"=>"fpT49SL9bjMiQJbSN78wLRgVS9Dmq/Pk0nha5Q7GJTp6v/0/fTzv92QLwq/XLD7Tk8UPNNHscG26Q1xZAyklFw==", "user"=>{"email"=>"a@hotmail.com", "password"=>"[FILTERED]", "password_confirmation"=>"[FILTERED]"}, "commit"=>"Sign up"}
  [1m[35m (0.0ms)[0m  [1m[36mbegin transaction[0m
  [1m[36mUser Exists (0.5ms)[0m  [1m[34mSELECT  1 AS one FROM "users" WHERE "users"."email" = ? LIMIT ?[0m  [["email", "a@hotmail.com"], ["LIMIT", 1]]
  [1m[35mSQL (3.5ms)[0m  [1m[32mINSERT INTO "users" ("email", "encrypted_password", "created_at", "updated_at") VALUES (?, ?, ?, ?)[0m  [["email", "a@hotmail.com"], ["encrypted_password", "$2a$11$lgiYAaHHbeeil7CHftLr1uEFcBDck/.s2V8aWHhv/flJVo.1aMqWm"], ["created_at", "2018-05-30 01:53:42.364665"], ["updated_at", "2018-05-30 01:53:42.364665"]]
  [1m[35m (92.5ms)[0m  [1m[36mcommit transaction[0m
  [1m[35m (0.0ms)[0m  [1m[36mbegin transaction[0m
  [1m[35mSQL (9.5ms)[0m  [1m[33mUPDATE "users" SET "sign_in_count" = ?, "current_sign_in_at" = ?, "last_sign_in_at" = ?, "current_sign_in_ip" = ?, "last_sign_in_ip" = ?, "updated_at" = ? WHERE "users"."id" = ?[0m  [["sign_in_count", 1], ["current_sign_in_at", "2018-05-30 01:53:42.465177"], ["last_sign_in_at", "2018-05-30 01:53:42.465177"], ["current_sign_in_ip", "127.0.0.1"], ["last_sign_in_ip", "127.0.0.1"], ["updated_at", "2018-05-30 01:53:42.466676"], ["id", 1]]
  [1m[35m (80.0ms)[0m  [1m[36mcommit transaction[0m
Redirected to http://localhost:3000/
Completed 302 Found in 979ms (ActiveRecord: 186.0ms)


Started GET "/" for 127.0.0.1 at 2018-05-29 19:53:43 -0600
Processing by HomeController#index as HTML
  Rendering home/index.html.erb within layouts/application
  Rendered home/index.html.erb within layouts/application (1.0ms)
  [1m[36mUser Load (0.5ms)[0m  [1m[34mSELECT  "users".* FROM "users" WHERE "users"."id" = ? ORDER BY "users"."id" ASC LIMIT ?[0m  [["id", 1], ["LIMIT", 1]]
Completed 500 Internal Server Error in 460ms (ActiveRecord: 0.5ms)


  
ActionView::Template::Error (undefined method `tipodeemprendedor' for #<User:0xc09c408>):
    12:      <p class="alert"><%= alert %></p>
    13: 
    14:      <% if user_signed_in? %>
    15:       Estas logeao Como: <strong><%= current_user.tipodeemprendedor%></strong>.
    16:       <%= link_to 'Editar Perfil', edit_user_registration_path, :class => 'navbar-link' %> |
    17:       <%= link_to "Cerrar Sesion", destroy_user_session_path, method: :delete, :class => 'navbar-link'  %>
    18:       <% else %>
  
app/views/layouts/application.html.erb:15:in `_app_views_layouts_application_html_erb__311455360_101016288'
  Rendering C:/RailsInstaller/Ruby2.2.0/lib/ruby/gems/2.2.0/gems/actionpack-5.0.7/lib/action_dispatch/middleware/templates/rescues/template_error.html.erb within rescues/layout
  Rendering C:/RailsInstaller/Ruby2.2.0/lib/ruby/gems/2.2.0/gems/actionpack-5.0.7/lib/action_dispatch/middleware/templates/rescues/_source.html.erb
  Rendered C:/RailsInstaller/Ruby2.2.0/lib/ruby/gems/2.2.0/gems/actionpack-5.0.7/lib/action_dispatch/middleware/templates/rescues/_source.html.erb (13.5ms)
  Rendering C:/RailsInstaller/Ruby2.2.0/lib/ruby/gems/2.2.0/gems/actionpack-5.0.7/lib/action_dispatch/middleware/templates/rescues/_trace.html.erb
  Rendered C:/RailsInstaller/Ruby2.2.0/lib/ruby/gems/2.2.0/gems/actionpack-5.0.7/lib/action_dispatch/middleware/templates/rescues/_trace.html.erb (7.0ms)
  Rendering C:/RailsInstaller/Ruby2.2.0/lib/ruby/gems/2.2.0/gems/actionpack-5.0.7/lib/action_dispatch/middleware/templates/rescues/_request_and_response.html.erb
  Rendered C:/RailsInstaller/Ruby2.2.0/lib/ruby/gems/2.2.0/gems/actionpack-5.0.7/lib/action_dispatch/middleware/templates/rescues/_request_and_response.html.erb (2.5ms)
  Rendered C:/RailsInstaller/Ruby2.2.0/lib/ruby/gems/2.2.0/gems/actionpack-5.0.7/lib/action_dispatch/middleware/templates/rescues/template_error.html.erb within rescues/layout (4030.5ms)
Started GET "/" for 127.0.0.1 at 2018-05-29 19:54:11 -0600
Processing by HomeController#index as HTML
  Rendering home/index.html.erb within layouts/application
  Rendered home/index.html.erb within layouts/application (1.0ms)
  [1m[36mUser Load (0.5ms)[0m  [1m[34mSELECT  "users".* FROM "users" WHERE "users"."id" = ? ORDER BY "users"."id" ASC LIMIT ?[0m  [["id", 1], ["LIMIT", 1]]
Completed 200 OK in 536ms (Views: 431.7ms | ActiveRecord: 0.5ms)


Started GET "/users/sign_out" for 127.0.0.1 at 2018-05-29 19:54:19 -0600
  
ActionController::RoutingError (No route matches [GET] "/users/sign_out"):
  
actionpack (5.0.7) lib/action_dispatch/middleware/debug_exceptions.rb:53:in `call'
web-console (3.6.2) lib/web_console/middleware.rb:135:in `call_app'
web-console (3.6.2) lib/web_console/middleware.rb:30:in `block in call'
web-console (3.6.2) lib/web_console/middleware.rb:20:in `catch'
web-console (3.6.2) lib/web_console/middleware.rb:20:in `call'
actionpack (5.0.7) lib/action_dispatch/middleware/show_exceptions.rb:31:in `call'
railties (5.0.7) lib/rails/rack/logger.rb:36:in `call_app'
railties (5.0.7) lib/rails/rack/logger.rb:24:in `block in call'
activesupport (5.0.7) lib/active_support/tagged_logging.rb:69:in `block in tagged'
activesupport (5.0.7) lib/active_support/tagged_logging.rb:26:in `tagged'
activesupport (5.0.7) lib/active_support/tagged_logging.rb:69:in `tagged'
railties (5.0.7) lib/rails/rack/logger.rb:24:in `call'
sprockets-rails (3.2.1) lib/sprockets/rails/quiet_assets.rb:13:in `call'
actionpack (5.0.7) lib/action_dispatch/middleware/request_id.rb:24:in `call'
rack (2.0.5) lib/rack/method_override.rb:22:in `call'
rack (2.0.5) lib/rack/runtime.rb:22:in `call'
activesupport (5.0.7) lib/active_support/cache/strategy/local_cache_middleware.rb:28:in `call'
actionpack (5.0.7) lib/action_dispatch/middleware/executor.rb:12:in `call'
actionpack (5.0.7) lib/action_dispatch/middleware/static.rb:136:in `call'
rack (2.0.5) lib/rack/sendfile.rb:111:in `call'
railties (5.0.7) lib/rails/engine.rb:522:in `call'
puma (3.11.4) lib/puma/configuration.rb:225:in `call'
puma (3.11.4) lib/puma/server.rb:632:in `handle_request'
puma (3.11.4) lib/puma/server.rb:446:in `process_client'
puma (3.11.4) lib/puma/server.rb:306:in `block in run'
puma (3.11.4) lib/puma/thread_pool.rb:120:in `call'
puma (3.11.4) lib/puma/thread_pool.rb:120:in `block in spawn_thread'
  Rendering C:/RailsInstaller/Ruby2.2.0/lib/ruby/gems/2.2.0/gems/actionpack-5.0.7/lib/action_dispatch/middleware/templates/rescues/routing_error.html.erb within rescues/layout
  Rendering C:/RailsInstaller/Ruby2.2.0/lib/ruby/gems/2.2.0/gems/actionpack-5.0.7/lib/action_dispatch/middleware/templates/rescues/_trace.html.erb
  Rendered C:/RailsInstaller/Ruby2.2.0/lib/ruby/gems/2.2.0/gems/actionpack-5.0.7/lib/action_dispatch/middleware/templates/rescues/_trace.html.erb (4.0ms)
  Rendered collection of C:/RailsInstaller/Ruby2.2.0/lib/ruby/gems/2.2.0/gems/actionpack-5.0.7/lib/action_dispatch/middleware/templates/routes/_route.html.erb [17 times] (9.0ms)
  Rendered C:/RailsInstaller/Ruby2.2.0/lib/ruby/gems/2.2.0/gems/actionpack-5.0.7/lib/action_dispatch/middleware/templates/routes/_table.html.erb (8.0ms)
  Rendering C:/RailsInstaller/Ruby2.2.0/lib/ruby/gems/2.2.0/gems/actionpack-5.0.7/lib/action_dispatch/middleware/templates/rescues/_request_and_response.html.erb
  Rendered C:/RailsInstaller/Ruby2.2.0/lib/ruby/gems/2.2.0/gems/actionpack-5.0.7/lib/action_dispatch/middleware/templates/rescues/_request_and_response.html.erb (3.5ms)
  Rendered C:/RailsInstaller/Ruby2.2.0/lib/ruby/gems/2.2.0/gems/actionpack-5.0.7/lib/action_dispatch/middleware/templates/rescues/routing_error.html.erb within rescues/layout (5920.2ms)
Started GET "/" for 127.0.0.1 at 2018-05-29 19:56:46 -0600
Processing by HomeController#index as HTML
  Rendering home/index.html.erb within layouts/application
  Rendered home/index.html.erb within layouts/application (1.0ms)
Completed 500 Internal Server Error in 2947ms (ActiveRecord: 0.0ms)


  
ActionView::Template::Error (TypeError: El objeto no acepta esta propiedad o método):
    4:     <title>Sigor</title>
    5:     <%= csrf_meta_tags %>
    6: 
    7:     <%= stylesheet_link_tag    'application', media: 'all', 'data-turbolinks-track': 'reload' %>
    8:         <%= javascript_include_tag 'application', 'data-turbolinks-track': 'reload' %>
    9:   </head>
   10: 
  
app/views/layouts/application.html.erb:7:in `_app_views_layouts_application_html_erb__311455360_93524256'
Started GET "/" for 127.0.0.1 at 2018-05-29 19:56:49 -0600
Processing by HomeController#index as HTML
  Rendering home/index.html.erb within layouts/application
  Rendered home/index.html.erb within layouts/application (0.5ms)
  Rendering C:/RailsInstaller/Ruby2.2.0/lib/ruby/gems/2.2.0/gems/actionpack-5.0.7/lib/action_dispatch/middleware/templates/rescues/template_error.html.erb within rescues/layout
  Rendering C:/RailsInstaller/Ruby2.2.0/lib/ruby/gems/2.2.0/gems/actionpack-5.0.7/lib/action_dispatch/middleware/templates/rescues/_source.html.erb
  Rendered C:/RailsInstaller/Ruby2.2.0/lib/ruby/gems/2.2.0/gems/actionpack-5.0.7/lib/action_dispatch/middleware/templates/rescues/_source.html.erb (29.0ms)
  Rendering C:/RailsInstaller/Ruby2.2.0/lib/ruby/gems/2.2.0/gems/actionpack-5.0.7/lib/action_dispatch/middleware/templates/rescues/_trace.html.erb
  Rendered C:/RailsInstaller/Ruby2.2.0/lib/ruby/gems/2.2.0/gems/actionpack-5.0.7/lib/action_dispatch/middleware/templates/rescues/_trace.html.erb (34.5ms)
  Rendering C:/RailsInstaller/Ruby2.2.0/lib/ruby/gems/2.2.0/gems/actionpack-5.0.7/lib/action_dispatch/middleware/templates/rescues/_request_and_response.html.erb
Completed 500 Internal Server Error in 7794ms (ActiveRecord: 0.0ms)


  Rendered C:/RailsInstaller/Ruby2.2.0/lib/ruby/gems/2.2.0/gems/actionpack-5.0.7/lib/action_dispatch/middleware/templates/rescues/_request_and_response.html.erb (1.5ms)
  
  Rendered C:/RailsInstaller/Ruby2.2.0/lib/ruby/gems/2.2.0/gems/actionpack-5.0.7/lib/action_dispatch/middleware/templates/rescues/template_error.html.erb within rescues/layout (5558.7ms)
ActionView::Template::Error (TypeError: El objeto no acepta esta propiedad o método):
    4:     <title>Sigor</title>
    5:     <%= csrf_meta_tags %>
    6: 
    7:     <%= stylesheet_link_tag    'application', media: 'all', 'data-turbolinks-track': 'reload' %>
    8:         <%= javascript_include_tag 'application', 'data-turbolinks-track': 'reload' %>
    9:   </head>
   10: 
  
app/views/layouts/application.html.erb:7:in `_app_views_layouts_application_html_erb__311455360_93570216'
  Rendering C:/RailsInstaller/Ruby2.2.0/lib/ruby/gems/2.2.0/gems/actionpack-5.0.7/lib/action_dispatch/middleware/templates/rescues/template_error.html.erb within rescues/layout
  Rendering C:/RailsInstaller/Ruby2.2.0/lib/ruby/gems/2.2.0/gems/actionpack-5.0.7/lib/action_dispatch/middleware/templates/rescues/_source.html.erb
  Rendered C:/RailsInstaller/Ruby2.2.0/lib/ruby/gems/2.2.0/gems/actionpack-5.0.7/lib/action_dispatch/middleware/templates/rescues/_source.html.erb (26.0ms)
  Rendering C:/RailsInstaller/Ruby2.2.0/lib/ruby/gems/2.2.0/gems/actionpack-5.0.7/lib/action_dispatch/middleware/templates/rescues/_trace.html.erb
  Rendered C:/RailsInstaller/Ruby2.2.0/lib/ruby/gems/2.2.0/gems/actionpack-5.0.7/lib/action_dispatch/middleware/templates/rescues/_trace.html.erb (16.5ms)
  Rendering C:/RailsInstaller/Ruby2.2.0/lib/ruby/gems/2.2.0/gems/actionpack-5.0.7/lib/action_dispatch/middleware/templates/rescues/_request_and_response.html.erb
  Rendered C:/RailsInstaller/Ruby2.2.0/lib/ruby/gems/2.2.0/gems/actionpack-5.0.7/lib/action_dispatch/middleware/templates/rescues/_request_and_response.html.erb (2.0ms)
  Rendered C:/RailsInstaller/Ruby2.2.0/lib/ruby/gems/2.2.0/gems/actionpack-5.0.7/lib/action_dispatch/middleware/templates/rescues/template_error.html.erb within rescues/layout (6382.3ms)
Started GET "/" for 127.0.0.1 at 2018-05-29 20:07:33 -0600
  [1m[36mActiveRecord::SchemaMigration Load (1.5ms)[0m  [1m[34mSELECT "schema_migrations".* FROM "schema_migrations"[0m
Processing by HomeController#index as HTML
  Rendering home/index.html.erb within layouts/application
  Rendered home/index.html.erb within layouts/application (7.5ms)
Completed 200 OK in 586ms (Views: 446.2ms | ActiveRecord: 0.0ms)


Started GET "/" for 127.0.0.1 at 2018-05-29 20:09:15 -0600
Processing by HomeController#index as HTML
  Rendering home/index.html.erb within layouts/application
  Rendered home/index.html.erb within layouts/application (0.5ms)
  [1m[36mUser Load (0.5ms)[0m  [1m[34mSELECT  "users".* FROM "users" WHERE "users"."id" = ? ORDER BY "users"."id" ASC LIMIT ?[0m  [["id", 1], ["LIMIT", 1]]
Completed 200 OK in 432ms (Views: 335.9ms | ActiveRecord: 2.5ms)


Started GET "/users/sign_out" for 127.0.0.1 at 2018-05-29 20:09:20 -0600
  
ActionController::RoutingError (No route matches [GET] "/users/sign_out"):
  
actionpack (5.0.7) lib/action_dispatch/middleware/debug_exceptions.rb:53:in `call'
web-console (3.6.2) lib/web_console/middleware.rb:135:in `call_app'
web-console (3.6.2) lib/web_console/middleware.rb:30:in `block in call'
web-console (3.6.2) lib/web_console/middleware.rb:20:in `catch'
web-console (3.6.2) lib/web_console/middleware.rb:20:in `call'
actionpack (5.0.7) lib/action_dispatch/middleware/show_exceptions.rb:31:in `call'
railties (5.0.7) lib/rails/rack/logger.rb:36:in `call_app'
railties (5.0.7) lib/rails/rack/logger.rb:24:in `block in call'
activesupport (5.0.7) lib/active_support/tagged_logging.rb:69:in `block in tagged'
activesupport (5.0.7) lib/active_support/tagged_logging.rb:26:in `tagged'
activesupport (5.0.7) lib/active_support/tagged_logging.rb:69:in `tagged'
railties (5.0.7) lib/rails/rack/logger.rb:24:in `call'
sprockets-rails (3.2.1) lib/sprockets/rails/quiet_assets.rb:13:in `call'
actionpack (5.0.7) lib/action_dispatch/middleware/request_id.rb:24:in `call'
rack (2.0.5) lib/rack/method_override.rb:22:in `call'
rack (2.0.5) lib/rack/runtime.rb:22:in `call'
activesupport (5.0.7) lib/active_support/cache/strategy/local_cache_middleware.rb:28:in `call'
actionpack (5.0.7) lib/action_dispatch/middleware/executor.rb:12:in `call'
actionpack (5.0.7) lib/action_dispatch/middleware/static.rb:136:in `call'
rack (2.0.5) lib/rack/sendfile.rb:111:in `call'
railties (5.0.7) lib/rails/engine.rb:522:in `call'
puma (3.11.4) lib/puma/configuration.rb:225:in `call'
puma (3.11.4) lib/puma/server.rb:632:in `handle_request'
puma (3.11.4) lib/puma/server.rb:446:in `process_client'
puma (3.11.4) lib/puma/server.rb:306:in `block in run'
puma (3.11.4) lib/puma/thread_pool.rb:120:in `call'
puma (3.11.4) lib/puma/thread_pool.rb:120:in `block in spawn_thread'
  Rendering C:/RailsInstaller/Ruby2.2.0/lib/ruby/gems/2.2.0/gems/actionpack-5.0.7/lib/action_dispatch/middleware/templates/rescues/routing_error.html.erb within rescues/layout
  Rendering C:/RailsInstaller/Ruby2.2.0/lib/ruby/gems/2.2.0/gems/actionpack-5.0.7/lib/action_dispatch/middleware/templates/rescues/_trace.html.erb
  Rendered C:/RailsInstaller/Ruby2.2.0/lib/ruby/gems/2.2.0/gems/actionpack-5.0.7/lib/action_dispatch/middleware/templates/rescues/_trace.html.erb (3.5ms)
  Rendered collection of C:/RailsInstaller/Ruby2.2.0/lib/ruby/gems/2.2.0/gems/actionpack-5.0.7/lib/action_dispatch/middleware/templates/routes/_route.html.erb [17 times] (34.0ms)
  Rendered C:/RailsInstaller/Ruby2.2.0/lib/ruby/gems/2.2.0/gems/actionpack-5.0.7/lib/action_dispatch/middleware/templates/routes/_table.html.erb (73.0ms)
  Rendering C:/RailsInstaller/Ruby2.2.0/lib/ruby/gems/2.2.0/gems/actionpack-5.0.7/lib/action_dispatch/middleware/templates/rescues/_request_and_response.html.erb
  Rendered C:/RailsInstaller/Ruby2.2.0/lib/ruby/gems/2.2.0/gems/actionpack-5.0.7/lib/action_dispatch/middleware/templates/rescues/_request_and_response.html.erb (2.5ms)
  Rendered C:/RailsInstaller/Ruby2.2.0/lib/ruby/gems/2.2.0/gems/actionpack-5.0.7/lib/action_dispatch/middleware/templates/rescues/routing_error.html.erb within rescues/layout (8339.5ms)
Started GET "/" for 127.0.0.1 at 2018-05-29 21:07:31 -0600
  [1m[36mActiveRecord::SchemaMigration Load (0.0ms)[0m  [1m[34mSELECT "schema_migrations".* FROM "schema_migrations"[0m
Processing by HomeController#index as HTML
  Rendering home/index.html.erb within layouts/application
  Rendered home/index.html.erb within layouts/application (7.0ms)
  [1m[36mUser Load (1.0ms)[0m  [1m[34mSELECT  "users".* FROM "users" WHERE "users"."id" = ? ORDER BY "users"."id" ASC LIMIT ?[0m  [["id", 1], ["LIMIT", 1]]
Completed 200 OK in 658ms (Views: 536.2ms | ActiveRecord: 5.0ms)


Started GET "/users/sign_out" for 127.0.0.1 at 2018-05-29 21:07:57 -0600
  
ActionController::RoutingError (No route matches [GET] "/users/sign_out"):
  
actionpack (5.0.7) lib/action_dispatch/middleware/debug_exceptions.rb:53:in `call'
web-console (3.6.2) lib/web_console/middleware.rb:135:in `call_app'
web-console (3.6.2) lib/web_console/middleware.rb:30:in `block in call'
web-console (3.6.2) lib/web_console/middleware.rb:20:in `catch'
web-console (3.6.2) lib/web_console/middleware.rb:20:in `call'
actionpack (5.0.7) lib/action_dispatch/middleware/show_exceptions.rb:31:in `call'
railties (5.0.7) lib/rails/rack/logger.rb:36:in `call_app'
railties (5.0.7) lib/rails/rack/logger.rb:24:in `block in call'
activesupport (5.0.7) lib/active_support/tagged_logging.rb:69:in `block in tagged'
activesupport (5.0.7) lib/active_support/tagged_logging.rb:26:in `tagged'
activesupport (5.0.7) lib/active_support/tagged_logging.rb:69:in `tagged'
railties (5.0.7) lib/rails/rack/logger.rb:24:in `call'
sprockets-rails (3.2.1) lib/sprockets/rails/quiet_assets.rb:13:in `call'
actionpack (5.0.7) lib/action_dispatch/middleware/request_id.rb:24:in `call'
rack (2.0.5) lib/rack/method_override.rb:22:in `call'
rack (2.0.5) lib/rack/runtime.rb:22:in `call'
activesupport (5.0.7) lib/active_support/cache/strategy/local_cache_middleware.rb:28:in `call'
actionpack (5.0.7) lib/action_dispatch/middleware/executor.rb:12:in `call'
actionpack (5.0.7) lib/action_dispatch/middleware/static.rb:136:in `call'
rack (2.0.5) lib/rack/sendfile.rb:111:in `call'
railties (5.0.7) lib/rails/engine.rb:522:in `call'
puma (3.11.4) lib/puma/configuration.rb:225:in `call'
puma (3.11.4) lib/puma/server.rb:632:in `handle_request'
puma (3.11.4) lib/puma/server.rb:446:in `process_client'
puma (3.11.4) lib/puma/server.rb:306:in `block in run'
puma (3.11.4) lib/puma/thread_pool.rb:120:in `call'
puma (3.11.4) lib/puma/thread_pool.rb:120:in `block in spawn_thread'
  Rendering C:/RailsInstaller/Ruby2.2.0/lib/ruby/gems/2.2.0/gems/actionpack-5.0.7/lib/action_dispatch/middleware/templates/rescues/routing_error.html.erb within rescues/layout
  Rendering C:/RailsInstaller/Ruby2.2.0/lib/ruby/gems/2.2.0/gems/actionpack-5.0.7/lib/action_dispatch/middleware/templates/rescues/_trace.html.erb
  Rendered C:/RailsInstaller/Ruby2.2.0/lib/ruby/gems/2.2.0/gems/actionpack-5.0.7/lib/action_dispatch/middleware/templates/rescues/_trace.html.erb (3.0ms)
  Rendered collection of C:/RailsInstaller/Ruby2.2.0/lib/ruby/gems/2.2.0/gems/actionpack-5.0.7/lib/action_dispatch/middleware/templates/routes/_route.html.erb [17 times] (11.0ms)
  Rendered C:/RailsInstaller/Ruby2.2.0/lib/ruby/gems/2.2.0/gems/actionpack-5.0.7/lib/action_dispatch/middleware/templates/routes/_table.html.erb (39.0ms)
  Rendering C:/RailsInstaller/Ruby2.2.0/lib/ruby/gems/2.2.0/gems/actionpack-5.0.7/lib/action_dispatch/middleware/templates/rescues/_request_and_response.html.erb
  Rendered C:/RailsInstaller/Ruby2.2.0/lib/ruby/gems/2.2.0/gems/actionpack-5.0.7/lib/action_dispatch/middleware/templates/rescues/_request_and_response.html.erb (2.0ms)
  Rendered C:/RailsInstaller/Ruby2.2.0/lib/ruby/gems/2.2.0/gems/actionpack-5.0.7/lib/action_dispatch/middleware/templates/rescues/routing_error.html.erb within rescues/layout (5979.3ms)
Started GET "/" for 127.0.0.1 at 2018-05-29 21:09:42 -0600
  [1m[36mActiveRecord::SchemaMigration Load (1.0ms)[0m  [1m[34mSELECT "schema_migrations".* FROM "schema_migrations"[0m
Processing by HomeController#index as HTML
  Rendering home/index.html.erb within layouts/application
  Rendered home/index.html.erb within layouts/application (8.0ms)
  [1m[36mUser Load (0.0ms)[0m  [1m[34mSELECT  "users".* FROM "users" WHERE "users"."id" = ? ORDER BY "users"."id" ASC LIMIT ?[0m  [["id", 1], ["LIMIT", 1]]
Completed 200 OK in 514ms (Views: 415.2ms | ActiveRecord: 2.0ms)


Started GET "/" for 127.0.0.1 at 2018-05-29 21:10:00 -0600
Processing by HomeController#index as HTML
  Rendering home/index.html.erb within layouts/application
  Rendered home/index.html.erb within layouts/application (2.0ms)
  [1m[36mUser Load (0.0ms)[0m  [1m[34mSELECT  "users".* FROM "users" WHERE "users"."id" = ? ORDER BY "users"."id" ASC LIMIT ?[0m  [["id", 1], ["LIMIT", 1]]
Completed 200 OK in 398ms (Views: 321.4ms | ActiveRecord: 0.0ms)


Started GET "/users/sign_out" for 127.0.0.1 at 2018-05-29 21:10:06 -0600
Processing by Devise::SessionsController#destroy as HTML
  [1m[36mUser Load (1.0ms)[0m  [1m[34mSELECT  "users".* FROM "users" WHERE "users"."id" = ? ORDER BY "users"."id" ASC LIMIT ?[0m  [["id", 1], ["LIMIT", 1]]
  [1m[35m (0.0ms)[0m  [1m[36mbegin transaction[0m
  [1m[35m (0.0ms)[0m  [1m[36mcommit transaction[0m
Redirected to http://localhost:3000/
Completed 302 Found in 63ms (ActiveRecord: 1.0ms)


Started GET "/" for 127.0.0.1 at 2018-05-29 21:10:06 -0600
Processing by HomeController#index as HTML
  Rendering home/index.html.erb within layouts/application
  Rendered home/index.html.erb within layouts/application (2.0ms)
Completed 200 OK in 403ms (Views: 331.4ms | ActiveRecord: 0.0ms)


Started GET "/users/sign_out" for 127.0.0.1 at 2018-05-29 21:13:33 -0600
Processing by Devise::SessionsController#destroy as HTML
Redirected to http://localhost:3000/
Filter chain halted as :verify_signed_out_user rendered or redirected
Completed 302 Found in 5ms (ActiveRecord: 0.0ms)


Started GET "/" for 127.0.0.1 at 2018-05-29 21:13:34 -0600
Processing by HomeController#index as HTML
  Rendering home/index.html.erb within layouts/application
  Rendered home/index.html.erb within layouts/application (0.5ms)
Completed 200 OK in 504ms (Views: 391.4ms | ActiveRecord: 0.0ms)


